This file contains any messages produced by compilers while
running configure, to aid debugging if configure makes a mistake.

It was created by reSID configure 1.0-pre2, which was
generated by GNU Autoconf 2.72.  Invocation command line was

  $ ./configure --prefix=/usr/local --disable-option-checking --enable-mcp-server --disable-option-checking --srcdir=. --cache-file=/dev/null

## --------- ##
## Platform. ##
## --------- ##

hostname = Barrys-MacBook-Pro.local
uname -m = arm64
uname -r = 25.2.0
uname -s = Darwin
uname -v = Darwin Kernel Version 25.2.0: Tue Nov 18 21:09:40 PST 2025; root:xnu-12377.61.12~1/RELEASE_ARM64_T6000

/usr/bin/uname -p = arm
/bin/uname -X     = unknown

/bin/arch              = unknown
/usr/bin/arch -k       = unknown
/usr/convex/getsysinfo = unknown
/usr/bin/hostinfo      = Mach kernel version:
	 Darwin Kernel Version 25.2.0: Tue Nov 18 21:09:40 PST 2025; root:xnu-12377.61.12~1/RELEASE_ARM64_T6000
Kernel configured for up to 10 processors.
10 processors are physically available.
10 processors are logically available.
Processor type: arm64e (ARM64E)
Processors active: 0 1 2 3 4 5 6 7 8 9
Primary memory available: 64.00 gigabytes
Default processor set: 1298 tasks, 5391 threads, 10 processors
Load average: 2.07, Mach factor: 7.92
/bin/machine           = unknown
/usr/bin/oslevel       = unknown
/bin/universe          = unknown

PATH: /Users/barry/.pyenv/shims/
PATH: /Users/barry/amiga-cc/vbcc//bin/
PATH: /opt/homebrew/opt/openjdk@11/bin/
PATH: /Users/barry/.rbenv/shims/
PATH: /usr/local/share/dotnet/
PATH: /Library/Frameworks/Python.framework/Versions/3.13/bin/
PATH: /opt/homebrew/bin/
PATH: /opt/homebrew/sbin/
PATH: /usr/local/bin/
PATH: /System/Cryptexes/App/usr/bin/
PATH: /usr/bin/
PATH: /bin/
PATH: /usr/sbin/
PATH: /sbin/
PATH: /var/run/com.apple.security.cryptexd/codex.system/bootstrap/usr/local/bin/
PATH: /var/run/com.apple.security.cryptexd/codex.system/bootstrap/usr/bin/
PATH: /var/run/com.apple.security.cryptexd/codex.system/bootstrap/usr/appleinternal/bin/
PATH: /opt/pmk/env/global/bin/
PATH: /opt/X11/bin/
PATH: /Library/Apple/usr/bin/
PATH: /Applications/Keybase.app/Contents/SharedSupport/bin/
PATH: /Library/TeX/texbin/
PATH: /Applications/VMware Fusion.app/Contents/Public/
PATH: /usr/local/share/dotnet/
PATH: ~/.dotnet/tools/
PATH: /Library/Frameworks/Mono.framework/Versions/Current/Commands/
PATH: /Applications/iTerm.app/Contents/Resources/utilities/
PATH: /Users/barry/Library/Application Support/JetBrains/Toolbox/scripts/
PATH: /Users/barry/.dotnet/tools/
PATH: /Users/barry/.local/bin/
PATH: /Users/barry/Development/Kickassembler/
PATH: /Users/barry/Development/Millfork/
PATH: /Users/barry/Development/Prog8/
PATH: /Applications/vice-arm64-gtk3-3.6.1/x64sc.app/Contents/MacOS/
PATH: /Users/barry/Library/Python/3.10/bin/
PATH: /Users/barry/Git/zilf/Zapf/bin/Release/net6.0/
PATH: /Users/barry/Git/zilf/Zilf/bin/Release/net6.0/
PATH: /Users/barry/Git/cc65/bin/
PATH: /Users/barry/.local/bin/


## ----------- ##
## Core tests. ##
## ----------- ##

configure:2362: looking for aux files: config.guess config.sub missing install-sh
configure:2375:  trying ./
configure:2375:  trying ./../
configure:2375:  trying ./../../
configure:2404:   ./../../config.guess found
configure:2404:   ./../../config.sub found
configure:2404:   ./../../missing found
configure:2386:   ./../../install-sh found
configure:2536: checking for a BSD-compatible install
configure:2610: result: /opt/homebrew/bin/ginstall -c
configure:2621: checking whether sleep supports fractional seconds
configure:2637: result: yes
configure:2640: checking filesystem timestamp resolution
configure:2775: result: 2
configure:2780: checking whether build environment is sane
configure:2825: result: yes
configure:2996: checking for a race-free mkdir -p
configure:3039: result: /opt/homebrew/bin/gmkdir -p
configure:3046: checking for gawk
configure:3082: result: no
configure:3046: checking for mawk
configure:3082: result: no
configure:3046: checking for nawk
configure:3082: result: no
configure:3046: checking for awk
configure:3067: found /usr/bin/awk
configure:3079: result: awk
configure:3090: checking whether make sets $(MAKE)
configure:3114: result: yes
configure:3140: checking whether make supports nested variables
configure:3159: result: yes
configure:3173: checking xargs -n works
configure:3189: result: yes
configure:3274: checking whether UID '501' is supported by ustar format
configure:3280: result: yes
configure:3287: checking whether GID '20' is supported by ustar format
configure:3293: result: yes
configure:3301: checking how to create a ustar tar archive
configure:3312: tar --version
bsdtar 3.5.3 - libarchive 3.7.4 zlib/1.2.12 liblzma/5.4.3 bz2lib/1.0.8 
configure:3315: $? = 0
configure:3355: tardir=conftest.dir && eval tar --format=ustar -chf - "$tardir" >conftest.tar
configure:3358: $? = 0
configure:3362: tar -xf - <conftest.tar
configure:3365: $? = 0
configure:3367: cat conftest.dir/file
GrepMe
configure:3370: $? = 0
configure:3385: result: gnutar
configure:3431: checking build system type
configure:3447: result: aarch64-apple-darwin25.2.0
configure:3467: checking host system type
configure:3482: result: aarch64-apple-darwin25.2.0
configure:3503: checking for debugging
configure:3517: result: build without asserts
configure:3678: checking for c++
configure:3699: found /usr/bin/c++
configure:3711: result: c++
configure:3738: checking for C++ compiler version
configure:3747: c++ --version >&5
Apple clang version 17.0.0 (clang-1700.6.3.2)
Target: arm64-apple-darwin25.2.0
Thread model: posix
InstalledDir: /Applications/Xcode.app/Contents/Developer/Toolchains/XcodeDefault.xctoolchain/usr/bin
configure:3758: $? = 0
configure:3747: c++ -v >&5
Apple clang version 17.0.0 (clang-1700.6.3.2)
Target: arm64-apple-darwin25.2.0
Thread model: posix
InstalledDir: /Applications/Xcode.app/Contents/Developer/Toolchains/XcodeDefault.xctoolchain/usr/bin
configure:3758: $? = 0
configure:3747: c++ -V >&5
clang++: error: argument to '-V' is missing (expected 1 value)
clang++: error: no input files
configure:3758: $? = 1
configure:3747: c++ -qversion >&5
clang++: error: unknown argument '-qversion'; did you mean '--version'?
clang++: error: no input files
configure:3758: $? = 1
configure:3778: checking whether the C++ compiler works
configure:3800: c++    conftest.cpp  >&5
configure:3804: $? = 0
configure:3855: result: yes
configure:3859: checking for C++ compiler default output file name
configure:3861: result: a.out
configure:3867: checking for suffix of executables
configure:3874: c++ -o conftest    conftest.cpp  >&5
configure:3878: $? = 0
configure:3902: result: 
configure:3926: checking whether we are cross compiling
configure:3934: c++ -o conftest    conftest.cpp  >&5
configure:3938: $? = 0
configure:3945: ./conftest
configure:3949: $? = 0
configure:3964: result: no
configure:3970: checking for suffix of object files
configure:3993: c++ -c   conftest.cpp >&5
configure:3997: $? = 0
configure:4021: result: o
configure:4025: checking whether the compiler supports GNU C++
configure:4045: c++ -c   conftest.cpp >&5
configure:4045: $? = 0
configure:4057: result: yes
configure:4068: checking whether c++ accepts -g
configure:4089: c++ -c -g  conftest.cpp >&5
configure:4089: $? = 0
configure:4136: result: yes
configure:4156: checking for c++ option to enable C++11 features
configure:4171: c++  -c -g -O2  conftest.cpp >&5
conftest.cpp:177:25: warning: empty parentheses interpreted as a function declaration [-Wvexing-parse]
  177 |   cxx11test::delegate d2();
      |                         ^~
conftest.cpp:177:25: note: remove parentheses to declare a variable
  177 |   cxx11test::delegate d2();
      |                         ^~
1 warning generated.
configure:4171: $? = 0
configure:4190: result: none needed
configure:4262: checking whether make supports the include directive
configure:4277: make -f confmf.GNU && cat confinc.out
this is the am__doit target
configure:4280: $? = 0
configure:4299: result: yes (GNU style)
configure:4325: checking dependency style of c++
configure:4438: result: gcc3
configure:4458: checking if the compiler supports -march=native
configure:4474: c++ -c -g -O2 -march=native  conftest.cpp >&5
configure:4474: $? = 0
configure:4476: result: yes
configure:4523: checking whether g++ accepts -g -Wall -O3 -march=native -fno-exceptions
configure:4529: c++ -c -g -Wall -O3 -march=native -fno-exceptions  conftest.cpp >&5
configure:4529: $? = 0
configure:4531: result: yes
configure:4584: checking for ar
configure:4605: found /usr/bin/ar
configure:4618: result: ar
configure:4675: checking for ranlib
configure:4696: found /usr/bin/ranlib
configure:4708: result: ranlib
configure:4732: checking for perl
configure:4755: found /opt/homebrew/bin/perl
configure:4768: result: /opt/homebrew/bin/perl
configure:4782: checking for stdio.h
configure:4782: c++ -c -g -Wall -O3 -march=native -fno-exceptions -mmacosx-version-min=10.10  conftest.cpp >&5
configure:4782: $? = 0
configure:4782: result: yes
configure:4782: checking for stdlib.h
configure:4782: c++ -c -g -Wall -O3 -march=native -fno-exceptions -mmacosx-version-min=10.10  conftest.cpp >&5
configure:4782: $? = 0
configure:4782: result: yes
configure:4782: checking for string.h
configure:4782: c++ -c -g -Wall -O3 -march=native -fno-exceptions -mmacosx-version-min=10.10  conftest.cpp >&5
configure:4782: $? = 0
configure:4782: result: yes
configure:4782: checking for inttypes.h
configure:4782: c++ -c -g -Wall -O3 -march=native -fno-exceptions -mmacosx-version-min=10.10  conftest.cpp >&5
configure:4782: $? = 0
configure:4782: result: yes
configure:4782: checking for stdint.h
configure:4782: c++ -c -g -Wall -O3 -march=native -fno-exceptions -mmacosx-version-min=10.10  conftest.cpp >&5
configure:4782: $? = 0
configure:4782: result: yes
configure:4782: checking for strings.h
configure:4782: c++ -c -g -Wall -O3 -march=native -fno-exceptions -mmacosx-version-min=10.10  conftest.cpp >&5
configure:4782: $? = 0
configure:4782: result: yes
configure:4782: checking for sys/stat.h
configure:4782: c++ -c -g -Wall -O3 -march=native -fno-exceptions -mmacosx-version-min=10.10  conftest.cpp >&5
configure:4782: $? = 0
configure:4782: result: yes
configure:4782: checking for sys/types.h
configure:4782: c++ -c -g -Wall -O3 -march=native -fno-exceptions -mmacosx-version-min=10.10  conftest.cpp >&5
configure:4782: $? = 0
configure:4782: result: yes
configure:4782: checking for unistd.h
configure:4782: c++ -c -g -Wall -O3 -march=native -fno-exceptions -mmacosx-version-min=10.10  conftest.cpp >&5
configure:4782: $? = 0
configure:4782: result: yes
configure:4807: checking for math.h
configure:4807: c++ -c -g -Wall -O3 -march=native -fno-exceptions -mmacosx-version-min=10.10  conftest.cpp >&5
configure:4807: $? = 0
configure:4807: result: yes
configure:4821: checking size of int
configure:4827: c++ -o conftest -g -Wall -O3 -march=native -fno-exceptions -mmacosx-version-min=10.10   -mmacosx-version-min=10.10 conftest.cpp  >&5
configure:4827: $? = 0
configure:4827: ./conftest
configure:4827: $? = 0
configure:4844: result: 4
configure:4858: checking for working bool
configure:4868: c++ -c -g -Wall -O3 -march=native -fno-exceptions -mmacosx-version-min=10.10  conftest.cpp >&5
configure:4868: $? = 0
configure:4878: result: yes
configure:4891: checking for __builtin_expect
configure:4901: c++ -c -g -Wall -O3 -march=native -fno-exceptions -mmacosx-version-min=10.10  conftest.cpp >&5
conftest.cpp:22:14: warning: ignoring return value of function declared with const attribute [-Wunused-value]
   22 | int main() { __builtin_expect(0, 0); }
      |              ^~~~~~~~~~~~~~~~ ~~~~
1 warning generated.
configure:4901: $? = 0
configure:4911: result: yes
configure:4924: checking for log1p
configure:4941: c++ -c -g -Wall -O3 -march=native -fno-exceptions -mmacosx-version-min=10.10  conftest.cpp >&5
configure:4941: $? = 0
configure:4951: result: yes
configure:5109: checking that generated files are newer than configure
configure:5115: result: done
configure:5154: creating ./config.status

## ---------------------- ##
## Running config.status. ##
## ---------------------- ##

This file was extended by reSID config.status 1.0-pre2, which was
generated by GNU Autoconf 2.72.  Invocation command line was

  CONFIG_FILES    = 
  CONFIG_HEADERS  = 
  CONFIG_LINKS    = 
  CONFIG_COMMANDS = 
  $ ./config.status 

on Barrys-MacBook-Pro.local

config.status:799: creating Makefile
config.status:799: creating siddefs.h
config.status:971: executing depfiles commands
config.status:1048: cd .       && sed -e '/# am--include-marker/d' Makefile         | make -f - am--depfiles
make: Nothing to be done for `am--depfiles'.
config.status:1053: $? = 0

## ---------------- ##
## Cache variables. ##
## ---------------- ##

ac_cv_build=aarch64-apple-darwin25.2.0
ac_cv_cxx_compiler_gnu=yes
ac_cv_env_CCC_set=
ac_cv_env_CCC_value=
ac_cv_env_CPPFLAGS_set=
ac_cv_env_CPPFLAGS_value=
ac_cv_env_CXXFLAGS_set=
ac_cv_env_CXXFLAGS_value=
ac_cv_env_CXX_set=
ac_cv_env_CXX_value=
ac_cv_env_LDFLAGS_set=
ac_cv_env_LDFLAGS_value=
ac_cv_env_LIBS_set=
ac_cv_env_LIBS_value=
ac_cv_env_build_alias_set=
ac_cv_env_build_alias_value=
ac_cv_env_host_alias_set=
ac_cv_env_host_alias_value=
ac_cv_env_target_alias_set=
ac_cv_env_target_alias_value=
ac_cv_header_inttypes_h=yes
ac_cv_header_math_h=yes
ac_cv_header_stdint_h=yes
ac_cv_header_stdio_h=yes
ac_cv_header_stdlib_h=yes
ac_cv_header_string_h=yes
ac_cv_header_strings_h=yes
ac_cv_header_sys_stat_h=yes
ac_cv_header_sys_types_h=yes
ac_cv_header_unistd_h=yes
ac_cv_host=aarch64-apple-darwin25.2.0
ac_cv_objext=o
ac_cv_path_PERL=/opt/homebrew/bin/perl
ac_cv_path_install='/opt/homebrew/bin/ginstall -c'
ac_cv_path_mkdir=/opt/homebrew/bin/gmkdir
ac_cv_prog_AR=ar
ac_cv_prog_AWK=awk
ac_cv_prog_ac_ct_CXX=c++
ac_cv_prog_ac_ct_RANLIB=ranlib
ac_cv_prog_cxx_cxx11=
ac_cv_prog_cxx_g=yes
ac_cv_prog_cxx_stdcxx=
ac_cv_prog_make_make_set=yes
ac_cv_sizeof_int=4
am_cv_CXX_dependencies_compiler_type=gcc3
am_cv_filesystem_timestamp_resolution=2
am_cv_make_support_nested_variables=yes
am_cv_prog_tar_ustar=gnutar
am_cv_sleep_fractional_seconds=yes
am_cv_xargs_n_works=yes
resid_cv_builtin_expect=yes
resid_cv_cxx_bool=yes
resid_cv_log1p=yes

## ----------------- ##
## Output variables. ##
## ----------------- ##

ACLOCAL='${SHELL} '\''/Users/barry/Git/vice-mcp/vice/missing'\'' aclocal-1.18'
AMDEPBACKSLASH='\'
AMDEP_FALSE='#'
AMDEP_TRUE=''
AMTAR='$${TAR-tar}'
AM_BACKSLASH='\'
AM_DEFAULT_V='$(AM_DEFAULT_VERBOSITY)'
AM_DEFAULT_VERBOSITY='1'
AM_V='$(V)'
AR='ar'
ARFLAGS='cr'
AR_FLAGS='cr'
AUTOCONF='${SHELL} '\''/Users/barry/Git/vice-mcp/vice/missing'\'' autoconf'
AUTOHEADER='${SHELL} '\''/Users/barry/Git/vice-mcp/vice/missing'\'' autoheader'
AUTOMAKE='${SHELL} '\''/Users/barry/Git/vice-mcp/vice/missing'\'' automake-1.18'
AWK='awk'
CPPFLAGS=''
CSCOPE='cscope'
CTAGS='ctags'
CXX='c++'
CXXDEPMODE='depmode=gcc3'
CXXFLAGS='-g -Wall -O3 -march=native -fno-exceptions -mmacosx-version-min=10.10'
CYGPATH_W='echo'
DEFS='-DPACKAGE_NAME=\"reSID\" -DPACKAGE_TARNAME=\"resid\" -DPACKAGE_VERSION=\"1.0-pre2\" -DPACKAGE_STRING=\"reSID\ 1.0-pre2\" -DPACKAGE_BUGREPORT=\"resid@nimrod.no\" -DPACKAGE_URL=\"\" -DPACKAGE=\"resid\" -DVERSION=\"1.0-pre2\" -DHAVE_STDIO_H=1 -DHAVE_STDLIB_H=1 -DHAVE_STRING_H=1 -DHAVE_INTTYPES_H=1 -DHAVE_STDINT_H=1 -DHAVE_STRINGS_H=1 -DHAVE_SYS_STAT_H=1 -DHAVE_SYS_TYPES_H=1 -DHAVE_UNISTD_H=1 -DSTDC_HEADERS=1 -DSIZEOF_INT=4'
DEPDIR='.deps'
ECHO_C='\c'
ECHO_N=''
ECHO_T=''
ETAGS='etags'
EXEEXT=''
HAVE_BOOL='1'
HAVE_BUILTIN_EXPECT='1'
HAVE_LOG1P='1'
INSTALL_DATA='${INSTALL} -m 644'
INSTALL_PROGRAM='${INSTALL}'
INSTALL_SCRIPT='${INSTALL}'
INSTALL_STRIP_PROGRAM='$(install_sh) -c -s'
LDFLAGS=' -mmacosx-version-min=10.10'
LIBOBJS=''
LIBS=''
LTLIBOBJS=''
MAKEINFO='${SHELL} '\''/Users/barry/Git/vice-mcp/vice/missing'\'' makeinfo'
MKDIR_P='/opt/homebrew/bin/gmkdir -p'
NEW_8580_FILTER='1'
NEW_8580_FILTER_FALSE='#'
NEW_8580_FILTER_TRUE=''
OBJEXT='o'
PACKAGE='resid'
PACKAGE_BUGREPORT='resid@nimrod.no'
PACKAGE_NAME='reSID'
PACKAGE_STRING='reSID 1.0-pre2'
PACKAGE_TARNAME='resid'
PACKAGE_URL=''
PACKAGE_VERSION='1.0-pre2'
PATH_SEPARATOR=':'
PERL='/opt/homebrew/bin/perl'
RANLIB='ranlib'
RESID_BRANCH_HINTS='1'
RESID_CPPFLAGS='-DNDEBUG'
RESID_INLINE='inline'
RESID_INLINING='1'
SET_MAKE=''
SHELL='/bin/sh'
STRIP=''
VERSION='1.0-pre2'
ac_ct_CXX='c++'
am__EXEEXT_FALSE=''
am__EXEEXT_TRUE='#'
am__fastdepCXX_FALSE='#'
am__fastdepCXX_TRUE=''
am__include='include'
am__isrc=''
am__leading_dot='.'
am__nodep='_no'
am__quote=''
am__rm_f_notfound=''
am__tar='tar --format=ustar -chf - "$$tardir"'
am__untar='tar -xf -'
am__xargs_n='xargs -n'
bindir='${exec_prefix}/bin'
build='aarch64-apple-darwin25.2.0'
build_alias=''
build_cpu='aarch64'
build_os='darwin25.2.0'
build_vendor='apple'
datadir='${datarootdir}'
datarootdir='${prefix}/share'
docdir='${datarootdir}/doc/${PACKAGE_TARNAME}'
dvidir='${docdir}'
exec_prefix='${prefix}'
host='aarch64-apple-darwin25.2.0'
host_alias=''
host_cpu='aarch64'
host_os='darwin25.2.0'
host_vendor='apple'
htmldir='${docdir}'
includedir='${prefix}/include'
infodir='${datarootdir}/info'
install_sh='${SHELL} /Users/barry/Git/vice-mcp/vice/install-sh'
libdir='${exec_prefix}/lib'
libexecdir='${exec_prefix}/libexec'
localedir='${datarootdir}/locale'
localstatedir='${prefix}/var'
mandir='${datarootdir}/man'
mkdir_p='$(MKDIR_P)'
oldincludedir='/usr/include'
pdfdir='${docdir}'
prefix='/usr/local'
program_transform_name='s,x,x,'
psdir='${docdir}'
runstatedir='${localstatedir}/run'
sbindir='${exec_prefix}/sbin'
sharedstatedir='${prefix}/com'
sysconfdir='${prefix}/etc'
target_alias=''

## ----------- ##
## confdefs.h. ##
## ----------- ##

/* confdefs.h */
#define PACKAGE_NAME "reSID"
#define PACKAGE_TARNAME "resid"
#define PACKAGE_VERSION "1.0-pre2"
#define PACKAGE_STRING "reSID 1.0-pre2"
#define PACKAGE_BUGREPORT "resid@nimrod.no"
#define PACKAGE_URL ""
#define PACKAGE "resid"
#define VERSION "1.0-pre2"
#define HAVE_STDIO_H 1
#define HAVE_STDLIB_H 1
#define HAVE_STRING_H 1
#define HAVE_INTTYPES_H 1
#define HAVE_STDINT_H 1
#define HAVE_STRINGS_H 1
#define HAVE_SYS_STAT_H 1
#define HAVE_SYS_TYPES_H 1
#define HAVE_UNISTD_H 1
#define STDC_HEADERS 1
#define SIZEOF_INT 4

configure: exit 0
