This file contains any messages produced by compilers while
running configure, to aid debugging if configure makes a mistake.

It was created by configure, which was
generated by GNU Autoconf 2.72.  Invocation command line was

  $ ../../../src/resid-dtv/configure --prefix=/usr/local --disable-option-checking --disable-option-checking --srcdir=../../../src/resid-dtv --cache-file=/dev/null

## --------- ##
## Platform. ##
## --------- ##

hostname = Barrys-MacBook-Pro.local
uname -m = arm64
uname -r = 25.2.0
uname -s = Darwin
uname -v = Darwin Kernel Version 25.2.0: Tue Nov 18 21:09:40 PST 2025; root:xnu-12377.61.12~1/RELEASE_ARM64_T6000

/usr/bin/uname -p = arm
/bin/uname -X     = unknown

/bin/arch              = unknown
/usr/bin/arch -k       = unknown
/usr/convex/getsysinfo = unknown
/usr/bin/hostinfo      = Mach kernel version:
	 Darwin Kernel Version 25.2.0: Tue Nov 18 21:09:40 PST 2025; root:xnu-12377.61.12~1/RELEASE_ARM64_T6000
Kernel configured for up to 10 processors.
10 processors are physically available.
10 processors are logically available.
Processor type: arm64e (ARM64E)
Processors active: 0 1 2 3 4 5 6 7 8 9
Primary memory available: 64.00 gigabytes
Default processor set: 1285 tasks, 5370 threads, 10 processors
Load average: 2.62, Mach factor: 7.37
/bin/machine           = unknown
/usr/bin/oslevel       = unknown
/bin/universe          = unknown

PATH: /Users/barry/.pyenv/shims/
PATH: /Users/barry/amiga-cc/vbcc//bin/
PATH: /opt/homebrew/opt/openjdk@11/bin/
PATH: /Users/barry/.rbenv/shims/
PATH: /usr/local/share/dotnet/
PATH: /Library/Frameworks/Python.framework/Versions/3.13/bin/
PATH: /opt/homebrew/bin/
PATH: /opt/homebrew/sbin/
PATH: /usr/local/bin/
PATH: /System/Cryptexes/App/usr/bin/
PATH: /usr/bin/
PATH: /bin/
PATH: /usr/sbin/
PATH: /sbin/
PATH: /var/run/com.apple.security.cryptexd/codex.system/bootstrap/usr/local/bin/
PATH: /var/run/com.apple.security.cryptexd/codex.system/bootstrap/usr/bin/
PATH: /var/run/com.apple.security.cryptexd/codex.system/bootstrap/usr/appleinternal/bin/
PATH: /opt/pmk/env/global/bin/
PATH: /opt/X11/bin/
PATH: /Library/Apple/usr/bin/
PATH: /Applications/Keybase.app/Contents/SharedSupport/bin/
PATH: /Library/TeX/texbin/
PATH: /Applications/VMware Fusion.app/Contents/Public/
PATH: /usr/local/share/dotnet/
PATH: ~/.dotnet/tools/
PATH: /Library/Frameworks/Mono.framework/Versions/Current/Commands/
PATH: /Applications/iTerm.app/Contents/Resources/utilities/
PATH: /Users/barry/Library/Application Support/JetBrains/Toolbox/scripts/
PATH: /Users/barry/.dotnet/tools/
PATH: /Users/barry/.local/bin/
PATH: /Users/barry/Development/Kickassembler/
PATH: /Users/barry/Development/Millfork/
PATH: /Users/barry/Development/Prog8/
PATH: /Applications/vice-arm64-gtk3-3.6.1/x64sc.app/Contents/MacOS/
PATH: /Users/barry/Library/Python/3.10/bin/
PATH: /Users/barry/Git/zilf/Zapf/bin/Release/net6.0/
PATH: /Users/barry/Git/zilf/Zilf/bin/Release/net6.0/
PATH: /Users/barry/Git/cc65/bin/
PATH: /Users/barry/.local/bin/


## ----------- ##
## Core tests. ##
## ----------- ##

configure:2340: looking for aux files: config.guess config.sub missing install-sh
configure:2353:  trying ../../../src/resid-dtv/
configure:2353:  trying ../../../src/resid-dtv/../
configure:2353:  trying ../../../src/resid-dtv/../../
configure:2382:   ../../../src/resid-dtv/../../config.guess found
configure:2382:   ../../../src/resid-dtv/../../config.sub found
configure:2382:   ../../../src/resid-dtv/../../missing found
configure:2364:   ../../../src/resid-dtv/../../install-sh found
configure:2518: checking for a BSD-compatible install
configure:2592: result: /opt/homebrew/bin/ginstall -c
configure:2603: checking whether sleep supports fractional seconds
configure:2619: result: yes
configure:2622: checking filesystem timestamp resolution
configure:2757: result: 2
configure:2762: checking whether build environment is sane
configure:2807: result: yes
configure:2978: checking for a race-free mkdir -p
configure:3021: result: /opt/homebrew/bin/gmkdir -p
configure:3028: checking for gawk
configure:3064: result: no
configure:3028: checking for mawk
configure:3064: result: no
configure:3028: checking for nawk
configure:3064: result: no
configure:3028: checking for awk
configure:3049: found /usr/bin/awk
configure:3061: result: awk
configure:3072: checking whether make sets $(MAKE)
configure:3096: result: yes
configure:3122: checking whether make supports nested variables
configure:3141: result: yes
configure:3155: checking xargs -n works
configure:3171: result: yes
configure:3257: checking whether UID '501' is supported by ustar format
configure:3263: result: yes
configure:3270: checking whether GID '20' is supported by ustar format
configure:3276: result: yes
configure:3284: checking how to create a ustar tar archive
configure:3295: tar --version
bsdtar 3.5.3 - libarchive 3.7.4 zlib/1.2.12 liblzma/5.4.3 bz2lib/1.0.8 
configure:3298: $? = 0
configure:3338: tardir=conftest.dir && eval tar --format=ustar -chf - "$tardir" >conftest.tar
configure:3341: $? = 0
configure:3345: tar -xf - <conftest.tar
configure:3348: $? = 0
configure:3350: cat conftest.dir/file
GrepMe
configure:3353: $? = 0
configure:3368: result: gnutar
configure:3409: checking build system type
configure:3425: result: aarch64-apple-darwin25.2.0
configure:3445: checking host system type
configure:3460: result: aarch64-apple-darwin25.2.0
configure:3570: checking for c++
configure:3591: found /usr/bin/c++
configure:3603: result: c++
configure:3630: checking for C++ compiler version
configure:3639: c++ --version >&5
Apple clang version 17.0.0 (clang-1700.6.3.2)
Target: arm64-apple-darwin25.2.0
Thread model: posix
InstalledDir: /Applications/Xcode.app/Contents/Developer/Toolchains/XcodeDefault.xctoolchain/usr/bin
configure:3650: $? = 0
configure:3639: c++ -v >&5
Apple clang version 17.0.0 (clang-1700.6.3.2)
Target: arm64-apple-darwin25.2.0
Thread model: posix
InstalledDir: /Applications/Xcode.app/Contents/Developer/Toolchains/XcodeDefault.xctoolchain/usr/bin
configure:3650: $? = 0
configure:3639: c++ -V >&5
clang++: error: argument to '-V' is missing (expected 1 value)
clang++: error: no input files
configure:3650: $? = 1
configure:3639: c++ -qversion >&5
clang++: error: unknown argument '-qversion'; did you mean '--version'?
clang++: error: no input files
configure:3650: $? = 1
configure:3670: checking whether the C++ compiler works
configure:3692: c++    conftest.cpp  >&5
configure:3696: $? = 0
configure:3747: result: yes
configure:3751: checking for C++ compiler default output file name
configure:3753: result: a.out
configure:3759: checking for suffix of executables
configure:3766: c++ -o conftest    conftest.cpp  >&5
configure:3770: $? = 0
configure:3794: result: 
configure:3818: checking whether we are cross compiling
configure:3826: c++ -o conftest    conftest.cpp  >&5
configure:3830: $? = 0
configure:3837: ./conftest
configure:3841: $? = 0
configure:3856: result: no
configure:3862: checking for suffix of object files
configure:3885: c++ -c   conftest.cpp >&5
configure:3889: $? = 0
configure:3913: result: o
configure:3917: checking whether the compiler supports GNU C++
configure:3937: c++ -c   conftest.cpp >&5
configure:3937: $? = 0
configure:3949: result: yes
configure:3960: checking whether c++ accepts -g
configure:3981: c++ -c -g  conftest.cpp >&5
configure:3981: $? = 0
configure:4028: result: yes
configure:4048: checking for c++ option to enable C++11 features
configure:4063: c++  -c -g -O2  conftest.cpp >&5
conftest.cpp:177:25: warning: empty parentheses interpreted as a function declaration [-Wvexing-parse]
  177 |   cxx11test::delegate d2();
      |                         ^~
conftest.cpp:177:25: note: remove parentheses to declare a variable
  177 |   cxx11test::delegate d2();
      |                         ^~
1 warning generated.
configure:4063: $? = 0
configure:4082: result: none needed
configure:4154: checking whether make supports the include directive
configure:4169: make -f confmf.GNU && cat confinc.out
this is the am__doit target
configure:4172: $? = 0
configure:4191: result: yes (GNU style)
configure:4217: checking dependency style of c++
configure:4330: result: gcc3
configure:4349: checking whether the C++ compiler (c++ -g -Wall -O2 -funroll-loops -fomit-frame-pointer -fno-exceptions ) works
configure:4363: c++ -c -g -Wall -O2 -funroll-loops -fomit-frame-pointer -fno-exceptions  conftest.cpp >&5
conftest.cpp:15:5: warning: unused variable 'test' [-Wunused-variable]
   15 | int test;
      |     ^~~~
1 warning generated.
configure:4363: $? = 0
configure:4365: result: yes
configure:4403: checking for ar
configure:4424: found /usr/bin/ar
configure:4437: result: ar
configure:4494: checking for ranlib
configure:4515: found /usr/bin/ranlib
configure:4527: result: ranlib
configure:4558: checking for stdio.h
configure:4558: c++ -c -g -Wall -O2 -funroll-loops -fomit-frame-pointer -fno-exceptions -mmacosx-version-min=10.10  conftest.cpp >&5
configure:4558: $? = 0
configure:4558: result: yes
configure:4558: checking for stdlib.h
configure:4558: c++ -c -g -Wall -O2 -funroll-loops -fomit-frame-pointer -fno-exceptions -mmacosx-version-min=10.10  conftest.cpp >&5
configure:4558: $? = 0
configure:4558: result: yes
configure:4558: checking for string.h
configure:4558: c++ -c -g -Wall -O2 -funroll-loops -fomit-frame-pointer -fno-exceptions -mmacosx-version-min=10.10  conftest.cpp >&5
configure:4558: $? = 0
configure:4558: result: yes
configure:4558: checking for inttypes.h
configure:4558: c++ -c -g -Wall -O2 -funroll-loops -fomit-frame-pointer -fno-exceptions -mmacosx-version-min=10.10  conftest.cpp >&5
configure:4558: $? = 0
configure:4558: result: yes
configure:4558: checking for stdint.h
configure:4558: c++ -c -g -Wall -O2 -funroll-loops -fomit-frame-pointer -fno-exceptions -mmacosx-version-min=10.10  conftest.cpp >&5
configure:4558: $? = 0
configure:4558: result: yes
configure:4558: checking for strings.h
configure:4558: c++ -c -g -Wall -O2 -funroll-loops -fomit-frame-pointer -fno-exceptions -mmacosx-version-min=10.10  conftest.cpp >&5
configure:4558: $? = 0
configure:4558: result: yes
configure:4558: checking for sys/stat.h
configure:4558: c++ -c -g -Wall -O2 -funroll-loops -fomit-frame-pointer -fno-exceptions -mmacosx-version-min=10.10  conftest.cpp >&5
configure:4558: $? = 0
configure:4558: result: yes
configure:4558: checking for sys/types.h
configure:4558: c++ -c -g -Wall -O2 -funroll-loops -fomit-frame-pointer -fno-exceptions -mmacosx-version-min=10.10  conftest.cpp >&5
configure:4558: $? = 0
configure:4558: result: yes
configure:4558: checking for unistd.h
configure:4558: c++ -c -g -Wall -O2 -funroll-loops -fomit-frame-pointer -fno-exceptions -mmacosx-version-min=10.10  conftest.cpp >&5
configure:4558: $? = 0
configure:4558: result: yes
configure:4587: checking size of int
configure:4593: c++ -o conftest -g -Wall -O2 -funroll-loops -fomit-frame-pointer -fno-exceptions -mmacosx-version-min=10.10   -mmacosx-version-min=10.10 conftest.cpp  >&5
configure:4593: $? = 0
configure:4593: ./conftest
configure:4593: $? = 0
configure:4610: result: 4
configure:4623: checking for working bool
configure:4642: c++ -c -g -Wall -O2 -funroll-loops -fomit-frame-pointer -fno-exceptions -mmacosx-version-min=10.10  conftest.cpp >&5
conftest.cpp:27:6: warning: unused variable 'flag' [-Wunused-variable]
   27 | bool flag;
      |      ^~~~
1 warning generated.
configure:4642: $? = 0
configure:4652: result: yes
configure:4663: checking if the mmintrin.h include can be used
configure:4676: c++ -c -g -Wall -O2 -funroll-loops -fomit-frame-pointer -fno-exceptions -mmacosx-version-min=10.10  conftest.cpp >&5
In file included from conftest.cpp:22:
/Applications/Xcode.app/Contents/Developer/Toolchains/XcodeDefault.xctoolchain/usr/lib/clang/17/include/mmintrin.h:14:2: error: "This header is only meant to be used on x86 and x64 architecture"
   14 | #error "This header is only meant to be used on x86 and x64 architecture"
      |  ^
/Applications/Xcode.app/Contents/Developer/Toolchains/XcodeDefault.xctoolchain/usr/lib/clang/17/include/mmintrin.h:39:3: error: use of undeclared identifier '__builtin_ia32_emms'; did you mean '__builtin_isless'?
   39 |   __builtin_ia32_emms();
      |   ^
/Applications/Xcode.app/Contents/Developer/Toolchains/XcodeDefault.xctoolchain/usr/lib/clang/17/include/mmintrin.h:39:23: error: too few arguments to function call, expected 2, have 0
   39 |   __builtin_ia32_emms();
      |   ~~~~~~~~~~~~~~~~~~~~^
/Applications/Xcode.app/Contents/Developer/Toolchains/XcodeDefault.xctoolchain/usr/lib/clang/17/include/mmintrin.h:56:19: error: use of undeclared identifier '__builtin_ia32_vec_init_v2si'
   56 |     return (__m64)__builtin_ia32_vec_init_v2si(__i, 0);
      |                   ^
/Applications/Xcode.app/Contents/Developer/Toolchains/XcodeDefault.xctoolchain/usr/lib/clang/17/include/mmintrin.h:73:12: error: use of undeclared identifier '__builtin_ia32_vec_ext_v2si'
   73 |     return __builtin_ia32_vec_ext_v2si((__v2si)__m, 0);
      |            ^
/Applications/Xcode.app/Contents/Developer/Toolchains/XcodeDefault.xctoolchain/usr/lib/clang/17/include/mmintrin.h:130:19: error: use of undeclared identifier '__builtin_ia32_packsswb'
  130 |     return (__m64)__builtin_ia32_packsswb((__v4hi)__m1, (__v4hi)__m2);
      |                   ^
/Applications/Xcode.app/Contents/Developer/Toolchains/XcodeDefault.xctoolchain/usr/lib/clang/17/include/mmintrin.h:155:19: error: use of undeclared identifier '__builtin_ia32_packssdw'
  155 |     return (__m64)__builtin_ia32_packssdw((__v2si)__m1, (__v2si)__m2);
      |                   ^
/Applications/Xcode.app/Contents/Developer/Toolchains/XcodeDefault.xctoolchain/usr/lib/clang/17/include/mmintrin.h:180:19: error: use of undeclared identifier '__builtin_ia32_packuswb'
  180 |     return (__m64)__builtin_ia32_packuswb((__v4hi)__m1, (__v4hi)__m2);
      |                   ^
/Applications/Xcode.app/Contents/Developer/Toolchains/XcodeDefault.xctoolchain/usr/lib/clang/17/include/mmintrin.h:207:19: error: use of undeclared identifier '__builtin_ia32_punpckhbw'
  207 |     return (__m64)__builtin_ia32_punpckhbw((__v8qi)__m1, (__v8qi)__m2);
      |                   ^
/Applications/Xcode.app/Contents/Developer/Toolchains/XcodeDefault.xctoolchain/usr/lib/clang/17/include/mmintrin.h:230:19: error: use of undeclared identifier '__builtin_ia32_punpckhwd'
  230 |     return (__m64)__builtin_ia32_punpckhwd((__v4hi)__m1, (__v4hi)__m2);
      |                   ^
/Applications/Xcode.app/Contents/Developer/Toolchains/XcodeDefault.xctoolchain/usr/lib/clang/17/include/mmintrin.h:251:19: error: use of undeclared identifier '__builtin_ia32_punpckhdq'
  251 |     return (__m64)__builtin_ia32_punpckhdq((__v2si)__m1, (__v2si)__m2);
      |                   ^
/Applications/Xcode.app/Contents/Developer/Toolchains/XcodeDefault.xctoolchain/usr/lib/clang/17/include/mmintrin.h:278:19: error: use of undeclared identifier '__builtin_ia32_punpcklbw'
  278 |     return (__m64)__builtin_ia32_punpcklbw((__v8qi)__m1, (__v8qi)__m2);
      |                   ^
/Applications/Xcode.app/Contents/Developer/Toolchains/XcodeDefault.xctoolchain/usr/lib/clang/17/include/mmintrin.h:301:19: error: use of undeclared identifier '__builtin_ia32_punpcklwd'
  301 |     return (__m64)__builtin_ia32_punpcklwd((__v4hi)__m1, (__v4hi)__m2);
      |                   ^
/Applications/Xcode.app/Contents/Developer/Toolchains/XcodeDefault.xctoolchain/usr/lib/clang/17/include/mmintrin.h:322:19: error: use of undeclared identifier '__builtin_ia32_punpckldq'
  322 |     return (__m64)__builtin_ia32_punpckldq((__v2si)__m1, (__v2si)__m2);
      |                   ^
/Applications/Xcode.app/Contents/Developer/Toolchains/XcodeDefault.xctoolchain/usr/lib/clang/17/include/mmintrin.h:343:19: error: use of undeclared identifier '__builtin_ia32_paddb'; did you mean '__builtin_arm_addg'?
  343 |     return (__m64)__builtin_ia32_paddb((__v8qi)__m1, (__v8qi)__m2);
      |                   ^
/Applications/Xcode.app/Contents/Developer/Toolchains/XcodeDefault.xctoolchain/usr/lib/clang/17/include/mmintrin.h:343:19: error: first argument of MTE builtin function must be a pointer ('__v8qi' (vector of 8 'char' values) invalid)
  343 |     return (__m64)__builtin_ia32_paddb((__v8qi)__m1, (__v8qi)__m2);
      |                   ^                    ~~~~~~~~~~~~
/Applications/Xcode.app/Contents/Developer/Toolchains/XcodeDefault.xctoolchain/usr/lib/clang/17/include/mmintrin.h:364:19: error: use of undeclared identifier '__builtin_ia32_paddw'; did you mean '__builtin_arm_addg'?
  364 |     return (__m64)__builtin_ia32_paddw((__v4hi)__m1, (__v4hi)__m2);
      |                   ^
/Applications/Xcode.app/Contents/Developer/Toolchains/XcodeDefault.xctoolchain/usr/lib/clang/17/include/mmintrin.h:343:19: note: '__builtin_arm_addg' declared here
  343 |     return (__m64)__builtin_ia32_paddb((__v8qi)__m1, (__v8qi)__m2);
      |                   ^
/Applications/Xcode.app/Contents/Developer/Toolchains/XcodeDefault.xctoolchain/usr/lib/clang/17/include/mmintrin.h:364:19: error: first argument of MTE builtin function must be a pointer ('__v4hi' (vector of 4 'short' values) invalid)
  364 |     return (__m64)__builtin_ia32_paddw((__v4hi)__m1, (__v4hi)__m2);
      |                   ^                    ~~~~~~~~~~~~
/Applications/Xcode.app/Contents/Developer/Toolchains/XcodeDefault.xctoolchain/usr/lib/clang/17/include/mmintrin.h:385:19: error: use of undeclared identifier '__builtin_ia32_paddd'; did you mean '__builtin_arm_addg'?
  385 |     return (__m64)__builtin_ia32_paddd((__v2si)__m1, (__v2si)__m2);
      |                   ^
/Applications/Xcode.app/Contents/Developer/Toolchains/XcodeDefault.xctoolchain/usr/lib/clang/17/include/mmintrin.h:343:19: note: '__builtin_arm_addg' declared here
  343 |     return (__m64)__builtin_ia32_paddb((__v8qi)__m1, (__v8qi)__m2);
      |                   ^
fatal error: too many errors emitted, stopping now [-ferror-limit=]
20 errors generated.
configure:4676: $? = 1
configure: failed program was:
| /* confdefs.h */
| #define PACKAGE_NAME ""
| #define PACKAGE_TARNAME ""
| #define PACKAGE_VERSION ""
| #define PACKAGE_STRING ""
| #define PACKAGE_BUGREPORT ""
| #define PACKAGE_URL ""
| #define PACKAGE "resid"
| #define VERSION "0.16vice"
| #define HAVE_STDIO_H 1
| #define HAVE_STDLIB_H 1
| #define HAVE_STRING_H 1
| #define HAVE_INTTYPES_H 1
| #define HAVE_STDINT_H 1
| #define HAVE_STRINGS_H 1
| #define HAVE_SYS_STAT_H 1
| #define HAVE_SYS_TYPES_H 1
| #define HAVE_UNISTD_H 1
| #define STDC_HEADERS 1
| #define SIZEOF_INT 4
| /* end confdefs.h.  */
| #include <mmintrin.h>
| int
| main (void)
| {
| int test;
|   ;
|   return 0;
| }
configure:4683: result: no
configure:4694: checking if -mmmx is needed to activate MMX
configure:4707: c++ -c -g -Wall -O2 -funroll-loops -fomit-frame-pointer -fno-exceptions -mmacosx-version-min=10.10 -mmmx  conftest.cpp >&5
clang++: error: unsupported option '-mmmx' for target 'arm64-apple-darwin25.2.0'
configure:4707: $? = 1
configure: failed program was:
| /* confdefs.h */
| #define PACKAGE_NAME ""
| #define PACKAGE_TARNAME ""
| #define PACKAGE_VERSION ""
| #define PACKAGE_STRING ""
| #define PACKAGE_BUGREPORT ""
| #define PACKAGE_URL ""
| #define PACKAGE "resid"
| #define VERSION "0.16vice"
| #define HAVE_STDIO_H 1
| #define HAVE_STDLIB_H 1
| #define HAVE_STRING_H 1
| #define HAVE_INTTYPES_H 1
| #define HAVE_STDINT_H 1
| #define HAVE_STRINGS_H 1
| #define HAVE_SYS_STAT_H 1
| #define HAVE_SYS_TYPES_H 1
| #define HAVE_UNISTD_H 1
| #define STDC_HEADERS 1
| #define SIZEOF_INT 4
| /* end confdefs.h.  */
| #include <mmintrin.h>
| int
| main (void)
| {
| int test;
|   ;
|   return 0;
| }
configure:4714: result: no
configure:4872: checking that generated files are newer than configure
configure:4878: result: done
configure:4913: creating ./config.status

## ---------------------- ##
## Running config.status. ##
## ---------------------- ##

This file was extended by config.status, which was
generated by GNU Autoconf 2.72.  Invocation command line was

  CONFIG_FILES    = 
  CONFIG_HEADERS  = 
  CONFIG_LINKS    = 
  CONFIG_COMMANDS = 
  $ ./config.status 

on Barrys-MacBook-Pro.local

config.status:792: creating Makefile
config.status:792: creating siddtvdefs.h
config.status:949: executing depfiles commands
config.status:1026: cd .       && sed -e '/# am--include-marker/d' Makefile         | make -f - am--depfiles
config.status:1031: $? = 0

## ---------------- ##
## Cache variables. ##
## ---------------- ##

ac_cv_build=aarch64-apple-darwin25.2.0
ac_cv_cxx_bool=yes
ac_cv_cxx_compiler_gnu=yes
ac_cv_env_CCC_set=
ac_cv_env_CCC_value=
ac_cv_env_CPPFLAGS_set=
ac_cv_env_CPPFLAGS_value=
ac_cv_env_CXXFLAGS_set=
ac_cv_env_CXXFLAGS_value=
ac_cv_env_CXX_set=
ac_cv_env_CXX_value=
ac_cv_env_LDFLAGS_set=
ac_cv_env_LDFLAGS_value=
ac_cv_env_LIBS_set=
ac_cv_env_LIBS_value=
ac_cv_env_build_alias_set=
ac_cv_env_build_alias_value=
ac_cv_env_host_alias_set=
ac_cv_env_host_alias_value=
ac_cv_env_target_alias_set=
ac_cv_env_target_alias_value=
ac_cv_header_inttypes_h=yes
ac_cv_header_stdint_h=yes
ac_cv_header_stdio_h=yes
ac_cv_header_stdlib_h=yes
ac_cv_header_string_h=yes
ac_cv_header_strings_h=yes
ac_cv_header_sys_stat_h=yes
ac_cv_header_sys_types_h=yes
ac_cv_header_unistd_h=yes
ac_cv_host=aarch64-apple-darwin25.2.0
ac_cv_objext=o
ac_cv_path_install='/opt/homebrew/bin/ginstall -c'
ac_cv_path_mkdir=/opt/homebrew/bin/gmkdir
ac_cv_prog_AR=ar
ac_cv_prog_AWK=awk
ac_cv_prog_ac_ct_CXX=c++
ac_cv_prog_ac_ct_RANLIB=ranlib
ac_cv_prog_cxx_cxx11=
ac_cv_prog_cxx_g=yes
ac_cv_prog_cxx_stdcxx=
ac_cv_prog_make_make_set=yes
ac_cv_sizeof_int=4
am_cv_CXX_dependencies_compiler_type=gcc3
am_cv_filesystem_timestamp_resolution=2
am_cv_make_support_nested_variables=yes
am_cv_prog_tar_ustar=gnutar
am_cv_sleep_fractional_seconds=yes
am_cv_xargs_n_works=yes

## ----------------- ##
## Output variables. ##
## ----------------- ##

ACLOCAL='${SHELL} '\''/Users/barry/Git/vice-mcp/vice/missing'\'' aclocal-1.18'
AMDEPBACKSLASH='\'
AMDEP_FALSE='#'
AMDEP_TRUE=''
AMTAR='$${TAR-tar}'
AM_BACKSLASH='\'
AM_DEFAULT_V='$(AM_DEFAULT_VERBOSITY)'
AM_DEFAULT_VERBOSITY='1'
AM_V='$(V)'
AR='ar'
ARFLAGS='cr'
AR_FLAGS='cr'
AUTOCONF='${SHELL} '\''/Users/barry/Git/vice-mcp/vice/missing'\'' autoconf'
AUTOHEADER='${SHELL} '\''/Users/barry/Git/vice-mcp/vice/missing'\'' autoheader'
AUTOMAKE='${SHELL} '\''/Users/barry/Git/vice-mcp/vice/missing'\'' automake-1.18'
AWK='awk'
CPPFLAGS=''
CSCOPE='cscope'
CTAGS='ctags'
CXX='c++'
CXXDEPMODE='depmode=gcc3'
CXXFLAGS='-g -Wall -O2 -funroll-loops -fomit-frame-pointer -fno-exceptions -mmacosx-version-min=10.10'
CYGPATH_W='echo'
DEFS='-DPACKAGE_NAME=\"\" -DPACKAGE_TARNAME=\"\" -DPACKAGE_VERSION=\"\" -DPACKAGE_STRING=\"\" -DPACKAGE_BUGREPORT=\"\" -DPACKAGE_URL=\"\" -DPACKAGE=\"resid\" -DVERSION=\"0.16vice\" -DHAVE_STDIO_H=1 -DHAVE_STDLIB_H=1 -DHAVE_STRING_H=1 -DHAVE_INTTYPES_H=1 -DHAVE_STDINT_H=1 -DHAVE_STRINGS_H=1 -DHAVE_SYS_STAT_H=1 -DHAVE_SYS_TYPES_H=1 -DHAVE_UNISTD_H=1 -DSTDC_HEADERS=1 -DSIZEOF_INT=4'
DEPDIR='.deps'
ECHO_C='\c'
ECHO_N=''
ECHO_T=''
ETAGS='etags'
EXEEXT=''
HAVE_MMINTRIN_H='0'
INSTALL_DATA='${INSTALL} -m 644'
INSTALL_PROGRAM='${INSTALL}'
INSTALL_SCRIPT='${INSTALL}'
INSTALL_STRIP_PROGRAM='$(install_sh) -c -s'
LDFLAGS=' -mmacosx-version-min=10.10'
LIBOBJS=''
LIBS=''
LTLIBOBJS=''
MAKEINFO='${SHELL} '\''/Users/barry/Git/vice-mcp/vice/missing'\'' makeinfo'
MKDIR_P='/opt/homebrew/bin/gmkdir -p'
OBJEXT='o'
PACKAGE='resid'
PACKAGE_BUGREPORT=''
PACKAGE_NAME=''
PACKAGE_STRING=''
PACKAGE_TARNAME=''
PACKAGE_URL=''
PACKAGE_VERSION=''
PATH_SEPARATOR=':'
RANLIB='ranlib'
RESID_HAVE_BOOL='1'
RESID_INLINE='inline'
RESID_INLINING='1'
SET_MAKE=''
SHELL='/bin/sh'
STRIP=''
VERSION='0.16vice'
ac_ct_CXX='c++'
am__EXEEXT_FALSE=''
am__EXEEXT_TRUE='#'
am__fastdepCXX_FALSE='#'
am__fastdepCXX_TRUE=''
am__include='include'
am__isrc=' -I$(srcdir)'
am__leading_dot='.'
am__nodep='_no'
am__quote=''
am__rm_f_notfound=''
am__tar='tar --format=ustar -chf - "$$tardir"'
am__untar='tar -xf -'
am__xargs_n='xargs -n'
bindir='${exec_prefix}/bin'
build='aarch64-apple-darwin25.2.0'
build_alias=''
build_cpu='aarch64'
build_os='darwin25.2.0'
build_vendor='apple'
datadir='${datarootdir}'
datarootdir='${prefix}/share'
docdir='${datarootdir}/doc/${PACKAGE}'
dvidir='${docdir}'
exec_prefix='${prefix}'
host='aarch64-apple-darwin25.2.0'
host_alias=''
host_cpu='aarch64'
host_os='darwin25.2.0'
host_vendor='apple'
htmldir='${docdir}'
includedir='${prefix}/include'
infodir='${datarootdir}/info'
install_sh='${SHELL} /Users/barry/Git/vice-mcp/vice/install-sh'
libdir='${exec_prefix}/lib'
libexecdir='${exec_prefix}/libexec'
localedir='${datarootdir}/locale'
localstatedir='${prefix}/var'
mandir='${datarootdir}/man'
mkdir_p='$(MKDIR_P)'
oldincludedir='/usr/include'
pdfdir='${docdir}'
prefix='/usr/local'
program_transform_name='s,x,x,'
psdir='${docdir}'
runstatedir='${localstatedir}/run'
sbindir='${exec_prefix}/sbin'
sharedstatedir='${prefix}/com'
sysconfdir='${prefix}/etc'
target_alias=''

## ----------- ##
## confdefs.h. ##
## ----------- ##

/* confdefs.h */
#define PACKAGE_NAME ""
#define PACKAGE_TARNAME ""
#define PACKAGE_VERSION ""
#define PACKAGE_STRING ""
#define PACKAGE_BUGREPORT ""
#define PACKAGE_URL ""
#define PACKAGE "resid"
#define VERSION "0.16vice"
#define HAVE_STDIO_H 1
#define HAVE_STDLIB_H 1
#define HAVE_STRING_H 1
#define HAVE_INTTYPES_H 1
#define HAVE_STDINT_H 1
#define HAVE_STRINGS_H 1
#define HAVE_SYS_STAT_H 1
#define HAVE_SYS_TYPES_H 1
#define HAVE_UNISTD_H 1
#define STDC_HEADERS 1
#define SIZEOF_INT 4

configure: exit 0
